info it worked if it ends with ok
verbose cli [ 'node', '/usr/local/bin/npm', 'install', 'underscore-min' ]
info using npm@1.1.21
info using node@v0.6.18
verbose config file /Users/jtouffeblin/.npmrc
verbose config file /usr/local/etc/npmrc
verbose config file /usr/local/lib/node_modules/npm/npmrc
verbose caching /Users/jtouffeblin/Documents/src/node-renderer/node_modules/underscore/package.json
verbose cache add [ 'underscore-min', null ]
silly cache add: name, spec, args [ undefined, 'underscore-min', [ 'underscore-min', null ] ]
verbose parsed url { pathname: 'underscore-min',
verbose parsed url   path: 'underscore-min',
verbose parsed url   href: 'underscore-min' }
verbose addNamed [ 'underscore-min', '' ]
verbose addNamed [ null, '' ]
silly name, range, hasData [ 'underscore-min', '', false ]
verbose raw, before any munging underscore-min
verbose url resolving [ 'https://registry.npmjs.org/', './underscore-min' ]
verbose url resolved https://registry.npmjs.org/underscore-min
http GET https://registry.npmjs.org/underscore-min
http 404 https://registry.npmjs.org/underscore-min
silly get cb [ 404,
silly get cb   { server: 'CouchDB/1.2.0 (Erlang OTP/R15B)',
silly get cb     date: 'Fri, 31 Aug 2012 14:12:46 GMT',
silly get cb     'content-type': 'application/json',
silly get cb     'content-length': '52',
silly get cb     'cache-control': 'must-revalidate' } ]
ERR! 404 'underscore-min' is not in the npm registry.
ERR! 404 You should bug the author to publish it
ERR! 404 Note that you can also install from a
ERR! 404 tarball, folder, or http url, or git url.
ERR! 
ERR! System Darwin 11.4.0
ERR! command "node" "/usr/local/bin/npm" "install" "underscore-min"
ERR! cwd /Users/jtouffeblin/Documents/src/node-renderer
ERR! node -v v0.6.18
ERR! npm -v 1.1.21
ERR! code E404
ERR! message 404 Not Found: underscore-min
ERR! errno {}
verbose exit [ 1, true ]
